<?xml version="1.0" encoding="UTF-8"?>
<testsuite xmlns:xsi="http://www.w3.org/2001/XMLSchema-instance" xsi:noNamespaceSchemaLocation="https://maven.apache.org/surefire/maven-surefire-plugin/xsd/surefire-test-report-3.0.xsd" version="3.0" name="com.springB.projectSpring.ProjectSpringApplicationTests" time="4.853" tests="1" errors="0" skipped="0" failures="0">
  <properties>
[...]
</properties>
  <testcase name="contextLoads" classname="com.springB.projectSpring.ProjectSpringApplicationTests" time="1.548">
    <system-out><![CDATA[01:50:08.797 [main] INFO org.springframework.test.context.support.AnnotationConfigContextLoaderUtils -- Could not detect default configuration classes for test class [com.springB.projectSpring.ProjectSpringApplicationTests]: ProjectSpringApplicationTests does not declare any static, non-private, non-final, nested classes annotated with @Configuration.
01:50:08.985 [main] INFO org.springframework.boot.test.context.SpringBootTestContextBootstrapper -- Found @SpringBootConfiguration com.springB.projectSpring.ProjectSpringApplication for test class com.springB.projectSpring.ProjectSpringApplicationTests

  .   ____          _            __ _ _
 /\\ / ___'_ __ _ _(_)_ __  __ _ \ \ \ \
( ( )\___ | '_ | '_| | '_ \/ _` | \ \ \ \
 \\/  ___)| |_)| | | | | || (_| |  ) ) ) )
  '  |____| .__|_| |_|_| |_\__, | / / / /
 =========|_|==============|___/=/_/_/_/

 :: Spring Boot ::                (v3.3.3)

2024-08-28T01:50:09.826+03:00  INFO 7300 --- [projectSpring] [           main] c.s.p.ProjectSpringApplicationTests      : Starting ProjectSpringApplicationTests using Java 17.0.11 with PID 7300 (started by hadji in C:\Projects\projectSpring)
2024-08-28T01:50:09.841+03:00  INFO 7300 --- [projectSpring] [           main] c.s.p.ProjectSpringApplicationTests      : No active profile set, falling back to 1 default profile: "default"
2024-08-28T01:50:11.806+03:00  INFO 7300 --- [projectSpring] [           main] c.s.p.ProjectSpringApplicationTests      : Started ProjectSpringApplicationTests in 2.462 seconds (process running for 4.204)
]]></system-out>
  </testcase>
</testsuite>